<?xml version="1.0" encoding="UTF-8"?>
<testsuite xmlns:xsi="http://www.w3.org/2001/XMLSchema-instance" xsi:noNamespaceSchemaLocation="https://maven.apache.org/surefire/maven-surefire-plugin/xsd/surefire-test-report-3.0.xsd" version="3.0" name="com.example.linebot.LinebotApplicationTests" time="5.64" tests="1" errors="0" skipped="0" failures="0">
  <properties>
    <property name="java.specification.version" value="17"/>
    <property name="sun.cpu.isalist" value="amd64"/>
    <property name="sun.jnu.encoding" value="MS950"/>
    <property name="java.class.path" value="C:\Users\Felicity\IdeaProjects\linebot\target\test-classes;C:\Users\Felicity\IdeaProjects\linebot\target\classes;C:\Users\Felicity\.m2\repository\org\springframework\boot\spring-boot-starter-web\3.1.6\spring-boot-starter-web-3.1.6.jar;C:\Users\Felicity\.m2\repository\org\springframework\boot\spring-boot-starter\3.1.6\spring-boot-starter-3.1.6.jar;C:\Users\Felicity\.m2\repository\org\springframework\boot\spring-boot\3.1.6\spring-boot-3.1.6.jar;C:\Users\Felicity\.m2\repository\org\springframework\boot\spring-boot-starter-logging\3.1.6\spring-boot-starter-logging-3.1.6.jar;C:\Users\Felicity\.m2\repository\ch\qos\logback\logback-classic\1.4.11\logback-classic-1.4.11.jar;C:\Users\Felicity\.m2\repository\ch\qos\logback\logback-core\1.4.11\logback-core-1.4.11.jar;C:\Users\Felicity\.m2\repository\org\apache\logging\log4j\log4j-to-slf4j\2.20.0\log4j-to-slf4j-2.20.0.jar;C:\Users\Felicity\.m2\repository\org\apache\logging\log4j\log4j-api\2.20.0\log4j-api-2.20.0.jar;C:\Users\Felicity\.m2\repository\org\slf4j\jul-to-slf4j\2.0.9\jul-to-slf4j-2.0.9.jar;C:\Users\Felicity\.m2\repository\jakarta\annotation\jakarta.annotation-api\2.1.1\jakarta.annotation-api-2.1.1.jar;C:\Users\Felicity\.m2\repository\org\yaml\snakeyaml\1.33\snakeyaml-1.33.jar;C:\Users\Felicity\.m2\repository\org\springframework\boot\spring-boot-starter-json\3.1.6\spring-boot-starter-json-3.1.6.jar;C:\Users\Felicity\.m2\repository\com\fasterxml\jackson\datatype\jackson-datatype-jdk8\2.15.3\jackson-datatype-jdk8-2.15.3.jar;C:\Users\Felicity\.m2\repository\com\fasterxml\jackson\module\jackson-module-parameter-names\2.15.3\jackson-module-parameter-names-2.15.3.jar;C:\Users\Felicity\.m2\repository\org\springframework\boot\spring-boot-starter-tomcat\3.1.6\spring-boot-starter-tomcat-3.1.6.jar;C:\Users\Felicity\.m2\repository\org\apache\tomcat\embed\tomcat-embed-core\10.1.16\tomcat-embed-core-10.1.16.jar;C:\Users\Felicity\.m2\repository\org\apache\tomcat\embed\tomcat-embed-el\10.1.16\tomcat-embed-el-10.1.16.jar;C:\Users\Felicity\.m2\repository\org\apache\tomcat\embed\tomcat-embed-websocket\10.1.16\tomcat-embed-websocket-10.1.16.jar;C:\Users\Felicity\.m2\repository\org\springframework\spring-web\6.0.14\spring-web-6.0.14.jar;C:\Users\Felicity\.m2\repository\org\springframework\spring-beans\6.0.14\spring-beans-6.0.14.jar;C:\Users\Felicity\.m2\repository\io\micrometer\micrometer-observation\1.11.6\micrometer-observation-1.11.6.jar;C:\Users\Felicity\.m2\repository\io\micrometer\micrometer-commons\1.11.6\micrometer-commons-1.11.6.jar;C:\Users\Felicity\.m2\repository\org\springframework\spring-webmvc\6.0.14\spring-webmvc-6.0.14.jar;C:\Users\Felicity\.m2\repository\org\springframework\spring-aop\6.0.14\spring-aop-6.0.14.jar;C:\Users\Felicity\.m2\repository\org\springframework\spring-context\6.0.14\spring-context-6.0.14.jar;C:\Users\Felicity\.m2\repository\org\springframework\spring-expression\6.0.14\spring-expression-6.0.14.jar;C:\Users\Felicity\.m2\repository\com\linecorp\bot\line-bot-jackson\8.0.1\line-bot-jackson-8.0.1.jar;C:\Users\Felicity\.m2\repository\com\fasterxml\jackson\core\jackson-databind\2.15.3\jackson-databind-2.15.3.jar;C:\Users\Felicity\.m2\repository\com\fasterxml\jackson\core\jackson-annotations\2.15.3\jackson-annotations-2.15.3.jar;C:\Users\Felicity\.m2\repository\com\fasterxml\jackson\core\jackson-core\2.15.3\jackson-core-2.15.3.jar;C:\Users\Felicity\.m2\repository\com\fasterxml\jackson\datatype\jackson-datatype-jsr310\2.15.3\jackson-datatype-jsr310-2.15.3.jar;C:\Users\Felicity\.m2\repository\com\linecorp\bot\line-bot-spring-boot-client\8.0.1\line-bot-spring-boot-client-8.0.1.jar;C:\Users\Felicity\.m2\repository\com\linecorp\bot\line-bot-client-base\8.0.1\line-bot-client-base-8.0.1.jar;C:\Users\Felicity\.m2\repository\com\squareup\okhttp3\okhttp\4.10.0\okhttp-4.10.0.jar;C:\Users\Felicity\.m2\repository\com\squareup\okio\okio-jvm\3.0.0\okio-jvm-3.0.0.jar;C:\Users\Felicity\.m2\repository\org\jetbrains\kotlin\kotlin-stdlib-common\1.8.22\kotlin-stdlib-common-1.8.22.jar;C:\Users\Felicity\.m2\repository\org\jetbrains\kotlin\kotlin-stdlib\1.8.22\kotlin-stdlib-1.8.22.jar;C:\Users\Felicity\.m2\repository\org\jetbrains\annotations\13.0\annotations-13.0.jar;C:\Users\Felicity\.m2\repository\org\slf4j\slf4j-api\2.0.9\slf4j-api-2.0.9.jar;C:\Users\Felicity\.m2\repository\com\squareup\okhttp3\logging-interceptor\4.10.0\logging-interceptor-4.10.0.jar;C:\Users\Felicity\.m2\repository\org\jetbrains\kotlin\kotlin-stdlib-jdk8\1.8.22\kotlin-stdlib-jdk8-1.8.22.jar;C:\Users\Felicity\.m2\repository\org\jetbrains\kotlin\kotlin-stdlib-jdk7\1.8.22\kotlin-stdlib-jdk7-1.8.22.jar;C:\Users\Felicity\.m2\repository\com\squareup\retrofit2\converter-jackson\2.9.0\converter-jackson-2.9.0.jar;C:\Users\Felicity\.m2\repository\com\squareup\retrofit2\retrofit\2.9.0\retrofit-2.9.0.jar;C:\Users\Felicity\.m2\repository\com\linecorp\bot\line-bot-insight-client\8.0.1\line-bot-insight-client-8.0.1.jar;C:\Users\Felicity\.m2\repository\com\linecorp\bot\line-bot-manage-audience-client\8.0.1\line-bot-manage-audience-client-8.0.1.jar;C:\Users\Felicity\.m2\repository\com\linecorp\bot\line-bot-messaging-api-client\8.0.1\line-bot-messaging-api-client-8.0.1.jar;C:\Users\Felicity\.m2\repository\com\linecorp\bot\line-bot-module-attach-client\8.0.1\line-bot-module-attach-client-8.0.1.jar;C:\Users\Felicity\.m2\repository\com\linecorp\bot\line-bot-module-client\8.0.1\line-bot-module-client-8.0.1.jar;C:\Users\Felicity\.m2\repository\com\linecorp\bot\line-bot-shop-client\8.0.1\line-bot-shop-client-8.0.1.jar;C:\Users\Felicity\.m2\repository\com\linecorp\bot\line-channel-access-token-client\8.0.1\line-channel-access-token-client-8.0.1.jar;C:\Users\Felicity\.m2\repository\com\linecorp\bot\line-liff-client\8.0.1\line-liff-client-8.0.1.jar;C:\Users\Felicity\.m2\repository\org\springframework\boot\spring-boot-autoconfigure\3.1.6\spring-boot-autoconfigure-3.1.6.jar;C:\Users\Felicity\.m2\repository\org\springframework\boot\spring-boot-starter-validation\3.1.6\spring-boot-starter-validation-3.1.6.jar;C:\Users\Felicity\.m2\repository\org\hibernate\validator\hibernate-validator\8.0.1.Final\hibernate-validator-8.0.1.Final.jar;C:\Users\Felicity\.m2\repository\jakarta\validation\jakarta.validation-api\3.0.2\jakarta.validation-api-3.0.2.jar;C:\Users\Felicity\.m2\repository\org\jboss\logging\jboss-logging\3.5.3.Final\jboss-logging-3.5.3.Final.jar;C:\Users\Felicity\.m2\repository\com\fasterxml\classmate\1.5.1\classmate-1.5.1.jar;C:\Users\Felicity\.m2\repository\com\linecorp\bot\line-bot-spring-boot-web\8.0.1\line-bot-spring-boot-web-8.0.1.jar;C:\Users\Felicity\.m2\repository\com\linecorp\bot\line-bot-webhook\8.0.1\line-bot-webhook-8.0.1.jar;C:\Users\Felicity\.m2\repository\com\linecorp\bot\line-bot-parser\8.0.1\line-bot-parser-8.0.1.jar;C:\Users\Felicity\.m2\repository\com\linecorp\bot\line-bot-spring-boot-handler\8.0.1\line-bot-spring-boot-handler-8.0.1.jar;C:\Users\Felicity\.m2\repository\com\linecorp\bot\line-bot-spring-boot-webmvc\8.0.1\line-bot-spring-boot-webmvc-8.0.1.jar;C:\Users\Felicity\.m2\repository\org\springframework\boot\spring-boot-starter-actuator\3.1.6\spring-boot-starter-actuator-3.1.6.jar;C:\Users\Felicity\.m2\repository\org\springframework\boot\spring-boot-actuator-autoconfigure\3.1.6\spring-boot-actuator-autoconfigure-3.1.6.jar;C:\Users\Felicity\.m2\repository\org\springframework\boot\spring-boot-actuator\3.1.6\spring-boot-actuator-3.1.6.jar;C:\Users\Felicity\.m2\repository\io\micrometer\micrometer-core\1.11.6\micrometer-core-1.11.6.jar;C:\Users\Felicity\.m2\repository\org\hdrhistogram\HdrHistogram\2.1.12\HdrHistogram-2.1.12.jar;C:\Users\Felicity\.m2\repository\org\latencyutils\LatencyUtils\2.0.3\LatencyUtils-2.0.3.jar;C:\Users\Felicity\.m2\repository\org\springframework\boot\spring-boot-starter-test\3.1.6\spring-boot-starter-test-3.1.6.jar;C:\Users\Felicity\.m2\repository\org\springframework\boot\spring-boot-test\3.1.6\spring-boot-test-3.1.6.jar;C:\Users\Felicity\.m2\repository\org\springframework\boot\spring-boot-test-autoconfigure\3.1.6\spring-boot-test-autoconfigure-3.1.6.jar;C:\Users\Felicity\.m2\repository\com\jayway\jsonpath\json-path\2.8.0\json-path-2.8.0.jar;C:\Users\Felicity\.m2\repository\jakarta\xml\bind\jakarta.xml.bind-api\4.0.1\jakarta.xml.bind-api-4.0.1.jar;C:\Users\Felicity\.m2\repository\jakarta\activation\jakarta.activation-api\2.1.2\jakarta.activation-api-2.1.2.jar;C:\Users\Felicity\.m2\repository\net\minidev\json-smart\2.4.11\json-smart-2.4.11.jar;C:\Users\Felicity\.m2\repository\net\minidev\accessors-smart\2.4.11\accessors-smart-2.4.11.jar;C:\Users\Felicity\.m2\repository\org\ow2\asm\asm\9.3\asm-9.3.jar;C:\Users\Felicity\.m2\repository\org\assertj\assertj-core\3.24.2\assertj-core-3.24.2.jar;C:\Users\Felicity\.m2\repository\net\bytebuddy\byte-buddy\1.14.10\byte-buddy-1.14.10.jar;C:\Users\Felicity\.m2\repository\org\hamcrest\hamcrest\2.2\hamcrest-2.2.jar;C:\Users\Felicity\.m2\repository\org\junit\jupiter\junit-jupiter\5.9.3\junit-jupiter-5.9.3.jar;C:\Users\Felicity\.m2\repository\org\junit\jupiter\junit-jupiter-api\5.9.3\junit-jupiter-api-5.9.3.jar;C:\Users\Felicity\.m2\repository\org\opentest4j\opentest4j\1.2.0\opentest4j-1.2.0.jar;C:\Users\Felicity\.m2\repository\org\junit\platform\junit-platform-commons\1.9.3\junit-platform-commons-1.9.3.jar;C:\Users\Felicity\.m2\repository\org\apiguardian\apiguardian-api\1.1.2\apiguardian-api-1.1.2.jar;C:\Users\Felicity\.m2\repository\org\junit\jupiter\junit-jupiter-params\5.9.3\junit-jupiter-params-5.9.3.jar;C:\Users\Felicity\.m2\repository\org\junit\jupiter\junit-jupiter-engine\5.9.3\junit-jupiter-engine-5.9.3.jar;C:\Users\Felicity\.m2\repository\org\junit\platform\junit-platform-engine\1.9.3\junit-platform-engine-1.9.3.jar;C:\Users\Felicity\.m2\repository\org\mockito\mockito-core\5.3.1\mockito-core-5.3.1.jar;C:\Users\Felicity\.m2\repository\net\bytebuddy\byte-buddy-agent\1.14.10\byte-buddy-agent-1.14.10.jar;C:\Users\Felicity\.m2\repository\org\objenesis\objenesis\3.3\objenesis-3.3.jar;C:\Users\Felicity\.m2\repository\org\mockito\mockito-junit-jupiter\5.3.1\mockito-junit-jupiter-5.3.1.jar;C:\Users\Felicity\.m2\repository\org\skyscreamer\jsonassert\1.5.1\jsonassert-1.5.1.jar;C:\Users\Felicity\.m2\repository\com\vaadin\external\google\android-json\0.0.20131108.vaadin1\android-json-0.0.20131108.vaadin1.jar;C:\Users\Felicity\.m2\repository\org\springframework\spring-core\6.0.14\spring-core-6.0.14.jar;C:\Users\Felicity\.m2\repository\org\springframework\spring-jcl\6.0.14\spring-jcl-6.0.14.jar;C:\Users\Felicity\.m2\repository\org\springframework\spring-test\6.0.14\spring-test-6.0.14.jar;C:\Users\Felicity\.m2\repository\org\xmlunit\xmlunit-core\2.9.1\xmlunit-core-2.9.1.jar;"/>
    <property name="java.vm.vendor" value="JetBrains s.r.o."/>
    <property name="sun.arch.data.model" value="64"/>
    <property name="user.variant" value=""/>
    <property name="java.vendor.url" value="https://openjdk.java.net/"/>
    <property name="user.timezone" value="Asia/Taipei"/>
    <property name="org.jboss.logging.provider" value="slf4j"/>
    <property name="os.name" value="Windows 10"/>
    <property name="java.vm.specification.version" value="17"/>
    <property name="sun.java.launcher" value="SUN_STANDARD"/>
    <property name="user.country" value="TW"/>
    <property name="sun.boot.library.path" value="C:\Users\Felicity\.jdks\jbrsdk-17.0.9\bin"/>
    <property name="sun.java.command" value="C:\Users\Felicity\AppData\Local\Temp\surefire9804318147142279635\surefirebooter-20231205034134278_3.jar C:\Users\Felicity\AppData\Local\Temp\surefire9804318147142279635 2023-12-05T03-41-31_716-jvmRun1 surefire-20231205034134278_1tmp surefire_0-20231205034134278_2tmp"/>
    <property name="jdk.debug" value="release"/>
    <property name="surefire.test.class.path" value="C:\Users\Felicity\IdeaProjects\linebot\target\test-classes;C:\Users\Felicity\IdeaProjects\linebot\target\classes;C:\Users\Felicity\.m2\repository\org\springframework\boot\spring-boot-starter-web\3.1.6\spring-boot-starter-web-3.1.6.jar;C:\Users\Felicity\.m2\repository\org\springframework\boot\spring-boot-starter\3.1.6\spring-boot-starter-3.1.6.jar;C:\Users\Felicity\.m2\repository\org\springframework\boot\spring-boot\3.1.6\spring-boot-3.1.6.jar;C:\Users\Felicity\.m2\repository\org\springframework\boot\spring-boot-starter-logging\3.1.6\spring-boot-starter-logging-3.1.6.jar;C:\Users\Felicity\.m2\repository\ch\qos\logback\logback-classic\1.4.11\logback-classic-1.4.11.jar;C:\Users\Felicity\.m2\repository\ch\qos\logback\logback-core\1.4.11\logback-core-1.4.11.jar;C:\Users\Felicity\.m2\repository\org\apache\logging\log4j\log4j-to-slf4j\2.20.0\log4j-to-slf4j-2.20.0.jar;C:\Users\Felicity\.m2\repository\org\apache\logging\log4j\log4j-api\2.20.0\log4j-api-2.20.0.jar;C:\Users\Felicity\.m2\repository\org\slf4j\jul-to-slf4j\2.0.9\jul-to-slf4j-2.0.9.jar;C:\Users\Felicity\.m2\repository\jakarta\annotation\jakarta.annotation-api\2.1.1\jakarta.annotation-api-2.1.1.jar;C:\Users\Felicity\.m2\repository\org\yaml\snakeyaml\1.33\snakeyaml-1.33.jar;C:\Users\Felicity\.m2\repository\org\springframework\boot\spring-boot-starter-json\3.1.6\spring-boot-starter-json-3.1.6.jar;C:\Users\Felicity\.m2\repository\com\fasterxml\jackson\datatype\jackson-datatype-jdk8\2.15.3\jackson-datatype-jdk8-2.15.3.jar;C:\Users\Felicity\.m2\repository\com\fasterxml\jackson\module\jackson-module-parameter-names\2.15.3\jackson-module-parameter-names-2.15.3.jar;C:\Users\Felicity\.m2\repository\org\springframework\boot\spring-boot-starter-tomcat\3.1.6\spring-boot-starter-tomcat-3.1.6.jar;C:\Users\Felicity\.m2\repository\org\apache\tomcat\embed\tomcat-embed-core\10.1.16\tomcat-embed-core-10.1.16.jar;C:\Users\Felicity\.m2\repository\org\apache\tomcat\embed\tomcat-embed-el\10.1.16\tomcat-embed-el-10.1.16.jar;C:\Users\Felicity\.m2\repository\org\apache\tomcat\embed\tomcat-embed-websocket\10.1.16\tomcat-embed-websocket-10.1.16.jar;C:\Users\Felicity\.m2\repository\org\springframework\spring-web\6.0.14\spring-web-6.0.14.jar;C:\Users\Felicity\.m2\repository\org\springframework\spring-beans\6.0.14\spring-beans-6.0.14.jar;C:\Users\Felicity\.m2\repository\io\micrometer\micrometer-observation\1.11.6\micrometer-observation-1.11.6.jar;C:\Users\Felicity\.m2\repository\io\micrometer\micrometer-commons\1.11.6\micrometer-commons-1.11.6.jar;C:\Users\Felicity\.m2\repository\org\springframework\spring-webmvc\6.0.14\spring-webmvc-6.0.14.jar;C:\Users\Felicity\.m2\repository\org\springframework\spring-aop\6.0.14\spring-aop-6.0.14.jar;C:\Users\Felicity\.m2\repository\org\springframework\spring-context\6.0.14\spring-context-6.0.14.jar;C:\Users\Felicity\.m2\repository\org\springframework\spring-expression\6.0.14\spring-expression-6.0.14.jar;C:\Users\Felicity\.m2\repository\com\linecorp\bot\line-bot-jackson\8.0.1\line-bot-jackson-8.0.1.jar;C:\Users\Felicity\.m2\repository\com\fasterxml\jackson\core\jackson-databind\2.15.3\jackson-databind-2.15.3.jar;C:\Users\Felicity\.m2\repository\com\fasterxml\jackson\core\jackson-annotations\2.15.3\jackson-annotations-2.15.3.jar;C:\Users\Felicity\.m2\repository\com\fasterxml\jackson\core\jackson-core\2.15.3\jackson-core-2.15.3.jar;C:\Users\Felicity\.m2\repository\com\fasterxml\jackson\datatype\jackson-datatype-jsr310\2.15.3\jackson-datatype-jsr310-2.15.3.jar;C:\Users\Felicity\.m2\repository\com\linecorp\bot\line-bot-spring-boot-client\8.0.1\line-bot-spring-boot-client-8.0.1.jar;C:\Users\Felicity\.m2\repository\com\linecorp\bot\line-bot-client-base\8.0.1\line-bot-client-base-8.0.1.jar;C:\Users\Felicity\.m2\repository\com\squareup\okhttp3\okhttp\4.10.0\okhttp-4.10.0.jar;C:\Users\Felicity\.m2\repository\com\squareup\okio\okio-jvm\3.0.0\okio-jvm-3.0.0.jar;C:\Users\Felicity\.m2\repository\org\jetbrains\kotlin\kotlin-stdlib-common\1.8.22\kotlin-stdlib-common-1.8.22.jar;C:\Users\Felicity\.m2\repository\org\jetbrains\kotlin\kotlin-stdlib\1.8.22\kotlin-stdlib-1.8.22.jar;C:\Users\Felicity\.m2\repository\org\jetbrains\annotations\13.0\annotations-13.0.jar;C:\Users\Felicity\.m2\repository\org\slf4j\slf4j-api\2.0.9\slf4j-api-2.0.9.jar;C:\Users\Felicity\.m2\repository\com\squareup\okhttp3\logging-interceptor\4.10.0\logging-interceptor-4.10.0.jar;C:\Users\Felicity\.m2\repository\org\jetbrains\kotlin\kotlin-stdlib-jdk8\1.8.22\kotlin-stdlib-jdk8-1.8.22.jar;C:\Users\Felicity\.m2\repository\org\jetbrains\kotlin\kotlin-stdlib-jdk7\1.8.22\kotlin-stdlib-jdk7-1.8.22.jar;C:\Users\Felicity\.m2\repository\com\squareup\retrofit2\converter-jackson\2.9.0\converter-jackson-2.9.0.jar;C:\Users\Felicity\.m2\repository\com\squareup\retrofit2\retrofit\2.9.0\retrofit-2.9.0.jar;C:\Users\Felicity\.m2\repository\com\linecorp\bot\line-bot-insight-client\8.0.1\line-bot-insight-client-8.0.1.jar;C:\Users\Felicity\.m2\repository\com\linecorp\bot\line-bot-manage-audience-client\8.0.1\line-bot-manage-audience-client-8.0.1.jar;C:\Users\Felicity\.m2\repository\com\linecorp\bot\line-bot-messaging-api-client\8.0.1\line-bot-messaging-api-client-8.0.1.jar;C:\Users\Felicity\.m2\repository\com\linecorp\bot\line-bot-module-attach-client\8.0.1\line-bot-module-attach-client-8.0.1.jar;C:\Users\Felicity\.m2\repository\com\linecorp\bot\line-bot-module-client\8.0.1\line-bot-module-client-8.0.1.jar;C:\Users\Felicity\.m2\repository\com\linecorp\bot\line-bot-shop-client\8.0.1\line-bot-shop-client-8.0.1.jar;C:\Users\Felicity\.m2\repository\com\linecorp\bot\line-channel-access-token-client\8.0.1\line-channel-access-token-client-8.0.1.jar;C:\Users\Felicity\.m2\repository\com\linecorp\bot\line-liff-client\8.0.1\line-liff-client-8.0.1.jar;C:\Users\Felicity\.m2\repository\org\springframework\boot\spring-boot-autoconfigure\3.1.6\spring-boot-autoconfigure-3.1.6.jar;C:\Users\Felicity\.m2\repository\org\springframework\boot\spring-boot-starter-validation\3.1.6\spring-boot-starter-validation-3.1.6.jar;C:\Users\Felicity\.m2\repository\org\hibernate\validator\hibernate-validator\8.0.1.Final\hibernate-validator-8.0.1.Final.jar;C:\Users\Felicity\.m2\repository\jakarta\validation\jakarta.validation-api\3.0.2\jakarta.validation-api-3.0.2.jar;C:\Users\Felicity\.m2\repository\org\jboss\logging\jboss-logging\3.5.3.Final\jboss-logging-3.5.3.Final.jar;C:\Users\Felicity\.m2\repository\com\fasterxml\classmate\1.5.1\classmate-1.5.1.jar;C:\Users\Felicity\.m2\repository\com\linecorp\bot\line-bot-spring-boot-web\8.0.1\line-bot-spring-boot-web-8.0.1.jar;C:\Users\Felicity\.m2\repository\com\linecorp\bot\line-bot-webhook\8.0.1\line-bot-webhook-8.0.1.jar;C:\Users\Felicity\.m2\repository\com\linecorp\bot\line-bot-parser\8.0.1\line-bot-parser-8.0.1.jar;C:\Users\Felicity\.m2\repository\com\linecorp\bot\line-bot-spring-boot-handler\8.0.1\line-bot-spring-boot-handler-8.0.1.jar;C:\Users\Felicity\.m2\repository\com\linecorp\bot\line-bot-spring-boot-webmvc\8.0.1\line-bot-spring-boot-webmvc-8.0.1.jar;C:\Users\Felicity\.m2\repository\org\springframework\boot\spring-boot-starter-actuator\3.1.6\spring-boot-starter-actuator-3.1.6.jar;C:\Users\Felicity\.m2\repository\org\springframework\boot\spring-boot-actuator-autoconfigure\3.1.6\spring-boot-actuator-autoconfigure-3.1.6.jar;C:\Users\Felicity\.m2\repository\org\springframework\boot\spring-boot-actuator\3.1.6\spring-boot-actuator-3.1.6.jar;C:\Users\Felicity\.m2\repository\io\micrometer\micrometer-core\1.11.6\micrometer-core-1.11.6.jar;C:\Users\Felicity\.m2\repository\org\hdrhistogram\HdrHistogram\2.1.12\HdrHistogram-2.1.12.jar;C:\Users\Felicity\.m2\repository\org\latencyutils\LatencyUtils\2.0.3\LatencyUtils-2.0.3.jar;C:\Users\Felicity\.m2\repository\org\springframework\boot\spring-boot-starter-test\3.1.6\spring-boot-starter-test-3.1.6.jar;C:\Users\Felicity\.m2\repository\org\springframework\boot\spring-boot-test\3.1.6\spring-boot-test-3.1.6.jar;C:\Users\Felicity\.m2\repository\org\springframework\boot\spring-boot-test-autoconfigure\3.1.6\spring-boot-test-autoconfigure-3.1.6.jar;C:\Users\Felicity\.m2\repository\com\jayway\jsonpath\json-path\2.8.0\json-path-2.8.0.jar;C:\Users\Felicity\.m2\repository\jakarta\xml\bind\jakarta.xml.bind-api\4.0.1\jakarta.xml.bind-api-4.0.1.jar;C:\Users\Felicity\.m2\repository\jakarta\activation\jakarta.activation-api\2.1.2\jakarta.activation-api-2.1.2.jar;C:\Users\Felicity\.m2\repository\net\minidev\json-smart\2.4.11\json-smart-2.4.11.jar;C:\Users\Felicity\.m2\repository\net\minidev\accessors-smart\2.4.11\accessors-smart-2.4.11.jar;C:\Users\Felicity\.m2\repository\org\ow2\asm\asm\9.3\asm-9.3.jar;C:\Users\Felicity\.m2\repository\org\assertj\assertj-core\3.24.2\assertj-core-3.24.2.jar;C:\Users\Felicity\.m2\repository\net\bytebuddy\byte-buddy\1.14.10\byte-buddy-1.14.10.jar;C:\Users\Felicity\.m2\repository\org\hamcrest\hamcrest\2.2\hamcrest-2.2.jar;C:\Users\Felicity\.m2\repository\org\junit\jupiter\junit-jupiter\5.9.3\junit-jupiter-5.9.3.jar;C:\Users\Felicity\.m2\repository\org\junit\jupiter\junit-jupiter-api\5.9.3\junit-jupiter-api-5.9.3.jar;C:\Users\Felicity\.m2\repository\org\opentest4j\opentest4j\1.2.0\opentest4j-1.2.0.jar;C:\Users\Felicity\.m2\repository\org\junit\platform\junit-platform-commons\1.9.3\junit-platform-commons-1.9.3.jar;C:\Users\Felicity\.m2\repository\org\apiguardian\apiguardian-api\1.1.2\apiguardian-api-1.1.2.jar;C:\Users\Felicity\.m2\repository\org\junit\jupiter\junit-jupiter-params\5.9.3\junit-jupiter-params-5.9.3.jar;C:\Users\Felicity\.m2\repository\org\junit\jupiter\junit-jupiter-engine\5.9.3\junit-jupiter-engine-5.9.3.jar;C:\Users\Felicity\.m2\repository\org\junit\platform\junit-platform-engine\1.9.3\junit-platform-engine-1.9.3.jar;C:\Users\Felicity\.m2\repository\org\mockito\mockito-core\5.3.1\mockito-core-5.3.1.jar;C:\Users\Felicity\.m2\repository\net\bytebuddy\byte-buddy-agent\1.14.10\byte-buddy-agent-1.14.10.jar;C:\Users\Felicity\.m2\repository\org\objenesis\objenesis\3.3\objenesis-3.3.jar;C:\Users\Felicity\.m2\repository\org\mockito\mockito-junit-jupiter\5.3.1\mockito-junit-jupiter-5.3.1.jar;C:\Users\Felicity\.m2\repository\org\skyscreamer\jsonassert\1.5.1\jsonassert-1.5.1.jar;C:\Users\Felicity\.m2\repository\com\vaadin\external\google\android-json\0.0.20131108.vaadin1\android-json-0.0.20131108.vaadin1.jar;C:\Users\Felicity\.m2\repository\org\springframework\spring-core\6.0.14\spring-core-6.0.14.jar;C:\Users\Felicity\.m2\repository\org\springframework\spring-jcl\6.0.14\spring-jcl-6.0.14.jar;C:\Users\Felicity\.m2\repository\org\springframework\spring-test\6.0.14\spring-test-6.0.14.jar;C:\Users\Felicity\.m2\repository\org\xmlunit\xmlunit-core\2.9.1\xmlunit-core-2.9.1.jar;"/>
    <property name="sun.cpu.endian" value="little"/>
    <property name="user.home" value="C:\Users\Felicity"/>
    <property name="user.language" value="zh"/>
    <property name="java.specification.vendor" value="Oracle Corporation"/>
    <property name="java.version.date" value="2023-10-17"/>
    <property name="java.home" value="C:\Users\Felicity\.jdks\jbrsdk-17.0.9"/>
    <property name="file.separator" value="\"/>
    <property name="basedir" value="C:\Users\Felicity\IdeaProjects\linebot"/>
    <property name="java.vm.compressedOopsMode" value="32-bit"/>
    <property name="line.separator" value="&#10;"/>
    <property name="java.vm.specification.vendor" value="Oracle Corporation"/>
    <property name="java.specification.name" value="Java Platform API Specification"/>
    <property name="FILE_LOG_CHARSET" value="x-windows-950"/>
    <property name="java.awt.headless" value="true"/>
    <property name="jbr.virtualization.information" value="Hyper-V role"/>
    <property name="surefire.real.class.path" value="C:\Users\Felicity\AppData\Local\Temp\surefire9804318147142279635\surefirebooter-20231205034134278_3.jar"/>
    <property name="user.script" value=""/>
    <property name="sun.management.compiler" value="HotSpot 64-Bit Tiered Compilers"/>
    <property name="java.runtime.version" value="17.0.9+7-b1087.7"/>
    <property name="user.name" value="Felicity"/>
    <property name="path.separator" value=";"/>
    <property name="os.version" value="10.0"/>
    <property name="java.runtime.name" value="OpenJDK Runtime Environment"/>
    <property name="file.encoding" value="MS950"/>
    <property name="java.vm.name" value="OpenJDK 64-Bit Server VM"/>
    <property name="java.vendor.version" value="JBR-17.0.9+7-1087.7-nomod"/>
    <property name="localRepository" value="C:\Users\Felicity\.m2\repository"/>
    <property name="java.vendor.url.bug" value="https://bugreport.java.com/bugreport/"/>
    <property name="java.io.tmpdir" value="C:\Users\Felicity\AppData\Local\Temp\"/>
    <property name="idea.version" value="2023.2.5"/>
    <property name="java.version" value="17.0.9"/>
    <property name="user.dir" value="C:\Users\Felicity\IdeaProjects\linebot"/>
    <property name="os.arch" value="amd64"/>
    <property name="java.vm.specification.name" value="Java Virtual Machine Specification"/>
    <property name="PID" value="2632"/>
    <property name="sun.os.patch.level" value=""/>
    <property name="CONSOLE_LOG_CHARSET" value="x-windows-950"/>
    <property name="native.encoding" value="MS950"/>
    <property name="java.library.path" value="C:\Users\Felicity\.jdks\jbrsdk-17.0.9\bin;C:\WINDOWS\Sun\Java\bin;C:\WINDOWS\system32;C:\WINDOWS;C:\Python310\Scripts\;C:\Python310\;C:\WINDOWS\system32;C:\WINDOWS;C:\WINDOWS\System32\Wbem;C:\WINDOWS\System32\WindowsPowerShell\v1.0\;C:\WINDOWS\System32\OpenSSH\;C:\Users\Felicity\Downloads\apache-tomcat-9.0.68-windows-x64\apache-tomcat-9.0.68\bin;C:\Users\Felicity\Desktop\tomcat\apache-tomcat-9.0.68\lib;C:\Users\Felicity\Desktop\tomcat\apache-tomcat-9.0.68\bin;C:\Users\Felicity\Desktop\tomcat\apache-tomcat-9.0.68\lib\servlet-api.jar;C:\Program Files\Java\jdk-11.0.16\bin;C:\Program Files\nodejs\;C:\ProgramData\chocolatey\bin;C:\Program Files\Git\cmd;C:\Program Files (x86)\NVIDIA Corporation\PhysX\Common;C:\Program Files\NVIDIA Corporation\NVIDIA NvDLISR;C:\Program Files\dotnet\;C:\Program Files\Docker\Docker\resources\bin;C:\Program Files\Docker\Docker\resources\bin;C:\Users\Felicity\AppData\Local\Programs\Python\Python39\Scripts\;C:\Users\Felicity\AppData\Local\Programs\Python\Python39\;C:\Users\Felicity\AppData\Local\Microsoft\WindowsApps;C:\Users\Felicity\AppData\Roaming\npm;C:\Users\Felicity\AppData\Local\Programs\Microsoft VS Code\bin;C:\Users\Felicity\AppData\Local\GitHubDesktop\bin;C:\Program Files\heroku\bin;C:\ProgramData\Microsoft\Windows\Start Menu\Programs\Python 3.10;C:\ProgramData\Microsoft\Windows\Start Menu\Programs\Python 3.10\Scripts;;C:\Program Files\JetBrains\IntelliJ IDEA 2023.2.5\bin;;."/>
    <property name="java.vm.info" value="mixed mode"/>
    <property name="java.vendor" value="JetBrains s.r.o."/>
    <property name="java.vm.version" value="17.0.9+7-b1087.7"/>
    <property name="sun.io.unicode.encoding" value="UnicodeLittle"/>
    <property name="java.class.version" value="61.0"/>
  </properties>
  <testcase name="contextLoads" classname="com.example.linebot.LinebotApplicationTests" time="1.614">
    <system-out><![CDATA[03:41:35.698 [main] INFO org.springframework.test.context.support.AnnotationConfigContextLoaderUtils -- Could not detect default configuration classes for test class [com.example.linebot.LinebotApplicationTests]: LinebotApplicationTests does not declare any static, non-private, non-final, nested classes annotated with @Configuration.
03:41:35.857 [main] INFO org.springframework.boot.test.context.SpringBootTestContextBootstrapper -- Found @SpringBootConfiguration com.example.linebot.EchoApplication for test class com.example.linebot.LinebotApplicationTests

  .   ____          _            __ _ _
 /\\ / ___'_ __ _ _(_)_ __  __ _ \ \ \ \
( ( )\___ | '_ | '_| | '_ \/ _` | \ \ \ \
 \\/  ___)| |_)| | | | | || (_| |  ) ) ) )
  '  |____| .__|_| |_|_| |_\__, | / / / /
 =========|_|==============|___/=/_/_/_/
 :: Spring Boot ::                (v3.1.6)

2023-12-05T03:41:36.503+08:00  INFO 2632 --- [           main] c.e.linebot.LinebotApplicationTests      : Starting LinebotApplicationTests using Java 17.0.9 with PID 2632 (started by Felicity in C:\Users\Felicity\IdeaProjects\linebot)
2023-12-05T03:41:36.505+08:00  INFO 2632 --- [           main] c.e.linebot.LinebotApplicationTests      : No active profile set, falling back to 1 default profile: "default"
2023-12-05T03:41:39.252+08:00  INFO 2632 --- [           main] o.s.b.a.e.web.EndpointLinksResolver      : Exposing 1 endpoint(s) beneath base path '/actuator'
2023-12-05T03:41:39.359+08:00  INFO 2632 --- [           main] c.l.b.s.b.h.s.LineMessageHandlerSupport  : Registered LINE Messaging API event handler: count = 2
2023-12-05T03:41:39.366+08:00  INFO 2632 --- [           main] c.l.b.s.b.h.s.LineMessageHandlerSupport  : Mapped "[EventArgumentResolver{klass=class com.linecorp.bot.webhook.model.MessageEvent}]" onto public void com.example.linebot.EchoApplication.handleTextMessageEvent(com.linecorp.bot.webhook.model.MessageEvent)
2023-12-05T03:41:39.368+08:00  INFO 2632 --- [           main] c.l.b.s.b.h.s.LineMessageHandlerSupport  : Mapped "[EventArgumentResolver{klass=interface com.linecorp.bot.webhook.model.Event}]" onto public void com.example.linebot.EchoApplication.handleDefaultMessageEvent(com.linecorp.bot.webhook.model.Event)
2023-12-05T03:41:39.373+08:00  INFO 2632 --- [           main] c.e.linebot.LinebotApplicationTests      : Started LinebotApplicationTests in 3.293 seconds (process running for 4.903)
]]></system-out>
  </testcase>
</testsuite>